<?xml version='1.0' encoding='UTF-8'?>
<testsuite hostname="Tempe" name="fpinscala.laziness.StreamSpecWasowski" tests="7" errors="0" failures="1" time="0.292">
                     <properties>
[...]
</properties>
                     <testcase classname="fpinscala.laziness.StreamSpecWasowski" name="headOption should return None on an empty Stream (01)" time="0.021">
                                                 
                                               </testcase><testcase classname="fpinscala.laziness.StreamSpecWasowski" name="headOption should return the head of the stream packaged in Some (02)" time="0.127">
                                                 
                                               </testcase><testcase classname="fpinscala.laziness.StreamSpecWasowski" name="headOption should not evaluate tail" time="0.031">
                                                 
                                               </testcase><testcase classname="fpinscala.laziness.StreamSpecWasowski" name="take should not force any heads nor any tails of the Stream it manipulates" time="0.03">
                                                 
                                               </testcase><testcase classname="fpinscala.laziness.StreamSpecWasowski" name="take should take(n) does not force (n+1st) head (even if we force all elements of take(n))" time="0.03">
                                                 
                                               </testcase><testcase classname="fpinscala.laziness.StreamSpecWasowski" name="take(n) for any Stream s, and any int n" time="0.02">
                                                 
                                               </testcase><testcase classname="fpinscala.laziness.StreamSpecWasowski" name="drop(n+m) for any ints n and m" time="0.033">
                                                 <failure message="GeneratorDrivenPropertyCheckFailedException was thrown during property evaluation.
 (StreamSpecWasowski.scala:116)
  Falsified after 11 successful property evaluations.
  Location: (StreamSpecWasowski.scala:116)
  Occurred when passed generated values (
    arg0 = -2147483648,
    arg1 = 2147483647,
    arg2 = Cons(&lt;function0&gt;,&lt;function0&gt;)
  )
  Label of failing property:
    random" type="org.scalatest.exceptions.GeneratorDrivenPropertyCheckFailedException">org.scalatest.exceptions.GeneratorDrivenPropertyCheckFailedException: GeneratorDrivenPropertyCheckFailedException was thrown during property evaluation.
 (StreamSpecWasowski.scala:116)
  Falsified after 11 successful property evaluations.
  Location: (StreamSpecWasowski.scala:116)
  Occurred when passed generated values (
    arg0 = -2147483648,
    arg1 = 2147483647,
    arg2 = Cons(&lt;function0&gt;,&lt;function0&gt;)
  )
  Label of failing property:
    random
	at org.scalatest.prop.Checkers$.doCheck(Checkers.scala:402)
	at org.scalatest.prop.Checkers$class.check(Checkers.scala:346)
	at fpinscala.laziness.StreamSpecWasowski.check(StreamSpecWasowski.scala:22)
	at org.scalatest.prop.Checkers$class.check(Checkers.scala:357)
	at fpinscala.laziness.StreamSpecWasowski.check(StreamSpecWasowski.scala:22)
	at fpinscala.laziness.StreamSpecWasowski$$anonfun$7.apply$mcV$sp(StreamSpecWasowski.scala:116)
	at fpinscala.laziness.StreamSpecWasowski$$anonfun$7.apply(StreamSpecWasowski.scala:116)
	at fpinscala.laziness.StreamSpecWasowski$$anonfun$7.apply(StreamSpecWasowski.scala:116)
	at org.scalatest.Transformer$$anonfun$apply$1.apply$mcV$sp(Transformer.scala:22)
	at org.scalatest.OutcomeOf$class.outcomeOf(OutcomeOf.scala:85)
	at org.scalatest.OutcomeOf$.outcomeOf(OutcomeOf.scala:104)
	at org.scalatest.Transformer.apply(Transformer.scala:22)
	at org.scalatest.Transformer.apply(Transformer.scala:20)
	at org.scalatest.FlatSpecLike$$anon$1.apply(FlatSpecLike.scala:1647)
	at org.scalatest.Suite$class.withFixture(Suite.scala:1122)
	at org.scalatest.FlatSpec.withFixture(FlatSpec.scala:1683)
	at org.scalatest.FlatSpecLike$class.invokeWithFixture$1(FlatSpecLike.scala:1644)
	at org.scalatest.FlatSpecLike$$anonfun$runTest$1.apply(FlatSpecLike.scala:1656)
	at org.scalatest.FlatSpecLike$$anonfun$runTest$1.apply(FlatSpecLike.scala:1656)
	at org.scalatest.SuperEngine.runTestImpl(Engine.scala:306)
	at org.scalatest.FlatSpecLike$class.runTest(FlatSpecLike.scala:1656)
	at org.scalatest.FlatSpec.runTest(FlatSpec.scala:1683)
	at org.scalatest.FlatSpecLike$$anonfun$runTests$1.apply(FlatSpecLike.scala:1714)
	at org.scalatest.FlatSpecLike$$anonfun$runTests$1.apply(FlatSpecLike.scala:1714)
	at org.scalatest.SuperEngine$$anonfun$traverseSubNodes$1$1.apply(Engine.scala:413)
	at org.scalatest.SuperEngine$$anonfun$traverseSubNodes$1$1.apply(Engine.scala:401)
	at scala.collection.immutable.List.foreach(List.scala:381)
	at org.scalatest.SuperEngine.traverseSubNodes$1(Engine.scala:401)
	at org.scalatest.SuperEngine.org$scalatest$SuperEngine$$runTestsInBranch(Engine.scala:390)
	at org.scalatest.SuperEngine$$anonfun$traverseSubNodes$1$1.apply(Engine.scala:427)
	at org.scalatest.SuperEngine$$anonfun$traverseSubNodes$1$1.apply(Engine.scala:401)
	at scala.collection.immutable.List.foreach(List.scala:381)
	at org.scalatest.SuperEngine.traverseSubNodes$1(Engine.scala:401)
	at org.scalatest.SuperEngine.org$scalatest$SuperEngine$$runTestsInBranch(Engine.scala:396)
	at org.scalatest.SuperEngine.runTestsImpl(Engine.scala:483)
	at org.scalatest.FlatSpecLike$class.runTests(FlatSpecLike.scala:1714)
	at org.scalatest.FlatSpec.runTests(FlatSpec.scala:1683)
	at org.scalatest.Suite$class.run(Suite.scala:1424)
	at org.scalatest.FlatSpec.org$scalatest$FlatSpecLike$$super$run(FlatSpec.scala:1683)
	at org.scalatest.FlatSpecLike$$anonfun$run$1.apply(FlatSpecLike.scala:1760)
	at org.scalatest.FlatSpecLike$$anonfun$run$1.apply(FlatSpecLike.scala:1760)
	at org.scalatest.SuperEngine.runImpl(Engine.scala:545)
	at org.scalatest.FlatSpecLike$class.run(FlatSpecLike.scala:1760)
	at org.scalatest.FlatSpec.run(FlatSpec.scala:1683)
	at org.scalatest.tools.Framework.org$scalatest$tools$Framework$$runSuite(Framework.scala:466)
	at org.scalatest.tools.Framework$ScalaTestTask.execute(Framework.scala:677)
	at sbt.TestRunner.runTest$1(TestFramework.scala:76)
	at sbt.TestRunner.run(TestFramework.scala:85)
	at sbt.TestFramework$$anon$2$$anonfun$$init$$1$$anonfun$apply$8.apply(TestFramework.scala:202)
	at sbt.TestFramework$$anon$2$$anonfun$$init$$1$$anonfun$apply$8.apply(TestFramework.scala:202)
	at sbt.TestFramework$.sbt$TestFramework$$withContextLoader(TestFramework.scala:185)
	at sbt.TestFramework$$anon$2$$anonfun$$init$$1.apply(TestFramework.scala:202)
	at sbt.TestFramework$$anon$2$$anonfun$$init$$1.apply(TestFramework.scala:202)
	at sbt.TestFunction.apply(TestFramework.scala:207)
	at sbt.Tests$$anonfun$9.apply(Tests.scala:216)
	at sbt.Tests$$anonfun$9.apply(Tests.scala:216)
	at sbt.std.Transform$$anon$3$$anonfun$apply$2.apply(System.scala:44)
	at sbt.std.Transform$$anon$3$$anonfun$apply$2.apply(System.scala:44)
	at sbt.std.Transform$$anon$4.work(System.scala:63)
	at sbt.Execute$$anonfun$submit$1$$anonfun$apply$1.apply(Execute.scala:228)
	at sbt.Execute$$anonfun$submit$1$$anonfun$apply$1.apply(Execute.scala:228)
	at sbt.ErrorHandling$.wideConvert(ErrorHandling.scala:17)
	at sbt.Execute.work(Execute.scala:237)
	at sbt.Execute$$anonfun$submit$1.apply(Execute.scala:228)
	at sbt.Execute$$anonfun$submit$1.apply(Execute.scala:228)
	at sbt.ConcurrentRestrictions$$anon$4$$anonfun$1.apply(ConcurrentRestrictions.scala:159)
	at sbt.CompletionService$$anon$2.call(CompletionService.scala:28)
	at java.util.concurrent.FutureTask.run(Unknown Source)
	at java.util.concurrent.Executors$RunnableAdapter.call(Unknown Source)
	at java.util.concurrent.FutureTask.run(Unknown Source)
	at java.util.concurrent.ThreadPoolExecutor.runWorker(Unknown Source)
	at java.util.concurrent.ThreadPoolExecutor$Worker.run(Unknown Source)
	at java.lang.Thread.run(Unknown Source)
</failure>
                                               </testcase>
                     <system-out></system-out>
                     <system-err></system-err>
                   </testsuite>