<?xml version='1.0' encoding='UTF-8'?>
<testsuite hostname="Tempe" name="fpinscala.monoids.MonoidSpec-5" tests="1" errors="0" failures="0" time="-0.001">
                     <properties>
[...]
</properties>
                     <testcase classname="fpinscala.monoids.MonoidSpec-5" name="stringMonoid and listMonoid[Char] are isomorphic" time="-0.001">
                                                 
                                               </testcase>
                     <system-out></system-out>
                     <system-err></system-err>
                   </testsuite>