<?xml version='1.0' encoding='UTF-8'?>
<testsuite hostname="Jan-laptop" name="adpro.monads.TermSpec" tests="30" errors="0" failures="0" time="0.593">
                     <properties>
[...]
</properties>
                     <testcase classname="adpro.monads.TermSpec" name="Basic eval should answer 42 to a division [Wadler]" time="0.085">
                                                 
                                               </testcase><testcase classname="adpro.monads.TermSpec" name="Basic eval should return 42 from a constant" time="0.0">
                                                 
                                               </testcase><testcase classname="adpro.monads.TermSpec" name="Basic eval should throw a scala exception on division by 0" time="0.0">
                                                 
                                               </testcase><testcase classname="adpro.monads.TermSpec" name="Basic eval should crash on unsafe terms" time="0.102">
                                                 
                                               </testcase><testcase classname="adpro.monads.TermSpec" name="Exception eval should answer Return(42) to our division [Wadler]" time="0.0">
                                                 
                                               </testcase><testcase classname="adpro.monads.TermSpec" name="Exception eval should answer Return(42) to a constant" time="0.0">
                                                 
                                               </testcase><testcase classname="adpro.monads.TermSpec" name="Exception eval should return an exception value for a division by zero" time="0.0">
                                                 
                                               </testcase><testcase classname="adpro.monads.TermSpec" name="State eval should should count two divisions" time="0.031">
                                                 
                                               </testcase><testcase classname="adpro.monads.TermSpec" name="State eval should should count no divisions" time="0.016">
                                                 
                                               </testcase><testcase classname="adpro.monads.TermSpec" name="State eval should throw a scala exception on division by 0" time="0.0">
                                                 
                                               </testcase><testcase classname="adpro.monads.TermSpec" name="Output eval (answer) should give good 'result' and string output" time="0.0">
                                                 
                                               </testcase><testcase classname="adpro.monads.TermSpec" name="Output eval (answer) should return simple result for a constant" time="0.0">
                                                 
                                               </testcase><testcase classname="adpro.monads.TermSpec" name="Output eval (answer) should throw a scala exception on division by 0" time="0.0">
                                                 
                                               </testcase><testcase classname="adpro.monads.TermSpec" name="Basic monadic eval should be 42 [Wadler]" time="0.0">
                                                 
                                               </testcase><testcase classname="adpro.monads.TermSpec" name="Basic monadic eval should return 42 for a constant" time="0.0">
                                                 
                                               </testcase><testcase classname="adpro.monads.TermSpec" name="Basic monadic eval should throw an exception" time="0.0">
                                                 
                                               </testcase><testcase classname="adpro.monads.TermSpec" name="Basic monadic eval should crash on unsafe terms" time="0.015">
                                                 
                                               </testcase><testcase classname="adpro.monads.TermSpec" name="Basic evalutors should behave identically" time="0.016">
                                                 
                                               </testcase><testcase classname="adpro.monads.TermSpec" name="Monadic exception eval should be Return(42) [Wadler]" time="0.0">
                                                 
                                               </testcase><testcase classname="adpro.monads.TermSpec" name="Monadic exception eval should return an exception on division by zero" time="0.0">
                                                 
                                               </testcase><testcase classname="adpro.monads.TermSpec" name="Exception evalutors should behave identically (safe)" time="0.015">
                                                 
                                               </testcase><testcase classname="adpro.monads.TermSpec" name="Exception evalutors should behave identically (unsafe)" time="0.016">
                                                 
                                               </testcase><testcase classname="adpro.monads.TermSpec" name="Monadic state eval should should count two divisions" time="0.016">
                                                 
                                               </testcase><testcase classname="adpro.monads.TermSpec" name="Monadic state eval should should count no divisions" time="0.0">
                                                 
                                               </testcase><testcase classname="adpro.monads.TermSpec" name="Monadic state eval should throw a scala exception on division by 0" time="0.0">
                                                 
                                               </testcase><testcase classname="adpro.monads.TermSpec" name="State evaluators should behave identically (safe)" time="0.015">
                                                 
                                               </testcase><testcase classname="adpro.monads.TermSpec" name="Monadic output eval should give good result and string output" time="0.0">
                                                 
                                               </testcase><testcase classname="adpro.monads.TermSpec" name="Monadic output eval should return simple result for a constant" time="0.0">
                                                 
                                               </testcase><testcase classname="adpro.monads.TermSpec" name="Monadic output eval should throw a scala exception on division by 0" time="0.0">
                                                 
                                               </testcase><testcase classname="adpro.monads.TermSpec" name="Output evaluators should behave identically (safe)" time="0.266">
                                                 
                                               </testcase>
                     <system-out></system-out>
                     <system-err></system-err>
                   </testsuite>