<?xml version='1.0' encoding='UTF-8'?>
<testsuite hostname="jan-stationary" name="adpro.monads.TermSpec" tests="29" errors="0" failures="1" time="0.451">
                     <properties>
[...]
</properties>
                     <testcase classname="adpro.monads.TermSpec" name="Basic eval should answer 42 to a division [Wadler]" time="0.098">
                                                 
                                               </testcase><testcase classname="adpro.monads.TermSpec" name="Basic eval should return 42 from a constant" time="0.0">
                                                 
                                               </testcase><testcase classname="adpro.monads.TermSpec" name="Basic eval should throw a scala exception on division by 0" time="0.001">
                                                 
                                               </testcase><testcase classname="adpro.monads.TermSpec" name="Basic eval should crash on unsafe terms" time="0.11">
                                                 
                                               </testcase><testcase classname="adpro.monads.TermSpec" name="Exception eval should answer Return(42) to our division [Wadler]" time="0.001">
                                                 
                                               </testcase><testcase classname="adpro.monads.TermSpec" name="Exception eval should answer Return(42) to a constant" time="0.0">
                                                 
                                               </testcase><testcase classname="adpro.monads.TermSpec" name="Exception eval should return an exception value for a division by zero" time="0.002">
                                                 
                                               </testcase><testcase classname="adpro.monads.TermSpec" name="State eval should should count two divisions" time="0.022">
                                                 
                                               </testcase><testcase classname="adpro.monads.TermSpec" name="State eval should should count no divisions" time="0.008">
                                                 
                                               </testcase><testcase classname="adpro.monads.TermSpec" name="State eval should throw a scala exception on division by 0" time="0.001">
                                                 
                                               </testcase><testcase classname="adpro.monads.TermSpec" name="Output eval (answer) should give good 'result' and string output" time="0.002">
                                                 
                                               </testcase><testcase classname="adpro.monads.TermSpec" name="Output eval (answer) should return simple result for a constant" time="0.0">
                                                 
                                               </testcase><testcase classname="adpro.monads.TermSpec" name="Output eval (answer) should throw a scala exception on division by 0" time="0.001">
                                                 
                                               </testcase><testcase classname="adpro.monads.TermSpec" name="Basic monadic eval should be 42 [Wadler]" time="0.004">
                                                 
                                               </testcase><testcase classname="adpro.monads.TermSpec" name="Basic monadic eval should return 42 for a constant" time="0.001">
                                                 
                                               </testcase><testcase classname="adpro.monads.TermSpec" name="Basic monadic eval should throw an exception" time="0.001">
                                                 
                                               </testcase><testcase classname="adpro.monads.TermSpec" name="Basic monadic eval should crash on unsafe terms" time="0.037">
                                                 
                                               </testcase><testcase classname="adpro.monads.TermSpec" name="Basic evalutors should behave identically" time="0.025">
                                                 
                                               </testcase><testcase classname="adpro.monads.TermSpec" name="Monadic exception eval should be Return(42) [Wadler]" time="0.005">
                                                 
                                               </testcase><testcase classname="adpro.monads.TermSpec" name="Monadic exception eval should return an exception on division by zero" time="0.0">
                                                 
                                               </testcase><testcase classname="adpro.monads.TermSpec" name="Exception evalutors should behave identically (safe)" time="0.028">
                                                 
                                               </testcase><testcase classname="adpro.monads.TermSpec" name="Exception evalutors should behave identically (unsafe)" time="0.024">
                                                 
                                               </testcase><testcase classname="adpro.monads.TermSpec" name="Monadic state eval should should count two divisions" time="0.012">
                                                 
                                               </testcase><testcase classname="adpro.monads.TermSpec" name="Monadic state eval should should count no divisions" time="0.005">
                                                 
                                               </testcase><testcase classname="adpro.monads.TermSpec" name="Monadic state eval should throw a scala exception on division by 0" time="0.001">
                                                 
                                               </testcase><testcase classname="adpro.monads.TermSpec" name="State evaluators should behave identically (safe)" time="0.035">
                                                 
                                               </testcase><testcase classname="adpro.monads.TermSpec" name="Monadic output eval should give good result and string output" time="0.027">
                                                 <failure message="&quot;eval([]Div(Div(Cons(1972),C...&quot; was not equal to &quot;eval([Cons(1972)) &lt;= 1972
eval(Cons(2)) &lt;= 2
eval(Div(Cons(1972),Cons(2))) &lt;= 986
eval(Cons(23)) &lt;= 23
eval(]Div(Div(Cons(1972),C...&quot;" type="org.scalatest.exceptions.TestFailedException">org.scalatest.exceptions.TestFailedException: &quot;eval([]Div(Div(Cons(1972),C...&quot; was not equal to &quot;eval([Cons(1972)) &lt;= 1972
eval(Cons(2)) &lt;= 2
eval(Div(Cons(1972),Cons(2))) &lt;= 986
eval(Cons(23)) &lt;= 23
eval(]Div(Div(Cons(1972),C...&quot;
	at org.scalatest.MatchersHelper$.newTestFailedException(MatchersHelper.scala:160)
	at org.scalatest.Matchers$AnyShouldWrapper.shouldBe(Matchers.scala:6408)
	at adpro.monads.TermSpec$$anonfun$27.apply$mcV$sp(TermSpec.scala:218)
	at adpro.monads.TermSpec$$anonfun$27.apply(TermSpec.scala:213)
	at adpro.monads.TermSpec$$anonfun$27.apply(TermSpec.scala:213)
	at org.scalatest.Transformer$$anonfun$apply$1.apply$mcV$sp(Transformer.scala:22)
	at org.scalatest.OutcomeOf$class.outcomeOf(OutcomeOf.scala:85)
	at org.scalatest.OutcomeOf$.outcomeOf(OutcomeOf.scala:104)
	at org.scalatest.Transformer.apply(Transformer.scala:22)
	at org.scalatest.Transformer.apply(Transformer.scala:20)
	at org.scalatest.FlatSpecLike$$anon$1.apply(FlatSpecLike.scala:1647)
	at org.scalatest.Suite$class.withFixture(Suite.scala:1122)
	at org.scalatest.FlatSpec.withFixture(FlatSpec.scala:1683)
	at org.scalatest.FlatSpecLike$class.invokeWithFixture$1(FlatSpecLike.scala:1644)
	at org.scalatest.FlatSpecLike$$anonfun$runTest$1.apply(FlatSpecLike.scala:1656)
	at org.scalatest.FlatSpecLike$$anonfun$runTest$1.apply(FlatSpecLike.scala:1656)
	at org.scalatest.SuperEngine.runTestImpl(Engine.scala:306)
	at org.scalatest.FlatSpecLike$class.runTest(FlatSpecLike.scala:1656)
	at org.scalatest.FlatSpec.runTest(FlatSpec.scala:1683)
	at org.scalatest.FlatSpecLike$$anonfun$runTests$1.apply(FlatSpecLike.scala:1714)
	at org.scalatest.FlatSpecLike$$anonfun$runTests$1.apply(FlatSpecLike.scala:1714)
	at org.scalatest.SuperEngine$$anonfun$traverseSubNodes$1$1.apply(Engine.scala:413)
	at org.scalatest.SuperEngine$$anonfun$traverseSubNodes$1$1.apply(Engine.scala:401)
	at scala.collection.immutable.List.foreach(List.scala:381)
	at org.scalatest.SuperEngine.traverseSubNodes$1(Engine.scala:401)
	at org.scalatest.SuperEngine.org$scalatest$SuperEngine$$runTestsInBranch(Engine.scala:390)
	at org.scalatest.SuperEngine$$anonfun$traverseSubNodes$1$1.apply(Engine.scala:427)
	at org.scalatest.SuperEngine$$anonfun$traverseSubNodes$1$1.apply(Engine.scala:401)
	at scala.collection.immutable.List.foreach(List.scala:381)
	at org.scalatest.SuperEngine.traverseSubNodes$1(Engine.scala:401)
	at org.scalatest.SuperEngine.org$scalatest$SuperEngine$$runTestsInBranch(Engine.scala:396)
	at org.scalatest.SuperEngine.runTestsImpl(Engine.scala:483)
	at org.scalatest.FlatSpecLike$class.runTests(FlatSpecLike.scala:1714)
	at org.scalatest.FlatSpec.runTests(FlatSpec.scala:1683)
	at org.scalatest.Suite$class.run(Suite.scala:1424)
	at org.scalatest.FlatSpec.org$scalatest$FlatSpecLike$$super$run(FlatSpec.scala:1683)
	at org.scalatest.FlatSpecLike$$anonfun$run$1.apply(FlatSpecLike.scala:1760)
	at org.scalatest.FlatSpecLike$$anonfun$run$1.apply(FlatSpecLike.scala:1760)
	at org.scalatest.SuperEngine.runImpl(Engine.scala:545)
	at org.scalatest.FlatSpecLike$class.run(FlatSpecLike.scala:1760)
	at org.scalatest.FlatSpec.run(FlatSpec.scala:1683)
	at org.scalatest.tools.Framework.org$scalatest$tools$Framework$$runSuite(Framework.scala:466)
	at org.scalatest.tools.Framework$ScalaTestTask.execute(Framework.scala:677)
	at sbt.TestRunner.runTest$1(TestFramework.scala:76)
	at sbt.TestRunner.run(TestFramework.scala:85)
	at sbt.TestFramework$$anon$2$$anonfun$$init$$1$$anonfun$apply$8.apply(TestFramework.scala:202)
	at sbt.TestFramework$$anon$2$$anonfun$$init$$1$$anonfun$apply$8.apply(TestFramework.scala:202)
	at sbt.TestFramework$.sbt$TestFramework$$withContextLoader(TestFramework.scala:185)
	at sbt.TestFramework$$anon$2$$anonfun$$init$$1.apply(TestFramework.scala:202)
	at sbt.TestFramework$$anon$2$$anonfun$$init$$1.apply(TestFramework.scala:202)
	at sbt.TestFunction.apply(TestFramework.scala:207)
	at sbt.Tests$$anonfun$9.apply(Tests.scala:216)
	at sbt.Tests$$anonfun$9.apply(Tests.scala:216)
	at sbt.std.Transform$$anon$3$$anonfun$apply$2.apply(System.scala:44)
	at sbt.std.Transform$$anon$3$$anonfun$apply$2.apply(System.scala:44)
	at sbt.std.Transform$$anon$4.work(System.scala:63)
	at sbt.Execute$$anonfun$submit$1$$anonfun$apply$1.apply(Execute.scala:228)
	at sbt.Execute$$anonfun$submit$1$$anonfun$apply$1.apply(Execute.scala:228)
	at sbt.ErrorHandling$.wideConvert(ErrorHandling.scala:17)
	at sbt.Execute.work(Execute.scala:237)
	at sbt.Execute$$anonfun$submit$1.apply(Execute.scala:228)
	at sbt.Execute$$anonfun$submit$1.apply(Execute.scala:228)
	at sbt.ConcurrentRestrictions$$anon$4$$anonfun$1.apply(ConcurrentRestrictions.scala:159)
	at sbt.CompletionService$$anon$2.call(CompletionService.scala:28)
	at java.util.concurrent.FutureTask.run(Unknown Source)
	at java.util.concurrent.Executors$RunnableAdapter.call(Unknown Source)
	at java.util.concurrent.FutureTask.run(Unknown Source)
	at java.util.concurrent.ThreadPoolExecutor.runWorker(Unknown Source)
	at java.util.concurrent.ThreadPoolExecutor$Worker.run(Unknown Source)
	at java.lang.Thread.run(Unknown Source)
</failure>
                                               </testcase><testcase classname="adpro.monads.TermSpec" name="Monadic output eval should return simple result for a constant" time="0.0">
                                                 
                                               </testcase><testcase classname="adpro.monads.TermSpec" name="Monadic output eval should throw a scala exception on division by 0" time="0.0">
                                                 
                                               </testcase>
                     <system-out></system-out>
                     <system-err></system-err>
                   </testsuite>